Diagnose log at 2025-04-10T03:13:38Z

AppPath: C:\Program Files\Git\mingw64\bin\git-credential-manager.exe
InstallDir: C:\Program Files\Git\mingw64\bin\
Version: 2.6.1+786ab03440ddc82e807a97c0e540f5247e44cec6

------------
Diagnostic: Environment
Skipped: False
Success: True
Exception: None
Log:
OSType: Windows
OSVersion: 10.0 (build 26100)
Reading environment variables... OK
 Variables:
HOMEPATH=\Users\mdash
DriverData=C:\Windows\System32\Drivers\DriverData
COMPUTERNAME=RIVERSIDE-DESKT
GIT_TRACE2_PARENT_SID=c2e86a6d-a11b-481d-a417-230e616f1d0f
CommonProgramFiles(x86)=C:\Program Files (x86)\Common Files
OneDrive=C:\Users\mdash\OneDrive - Claremont Graduate University
TMP=C:\Users\mdash\AppData\Local\Temp
HOME=C:\Users\mdash
PROCESSOR_REVISION=9702
PATHEXT=.COM;.EXE;.BAT;.CMD;.VBS;.VBE;.JS;.JSE;.WSF;.WSH;.MSC;.CPL
COLUMNS=71
POWERSHELL_DISTRIBUTION_CHANNEL=MSI:Windows 10 Pro
TEMP=C:\Users\mdash\AppData\Local\Temp
LOCALAPPDATA=C:\Users\mdash\AppData\Local
MSYSTEM=MINGW64
TERM=xterm-256color
PROCESSOR_IDENTIFIER=Intel64 Family 6 Model 151 Stepping 2, GenuineIntel
COLORTERM=truecolor
USERDOMAIN=RIVERSIDE-DESKT
ProgramFiles(x86)=C:\Program Files (x86)
Path=C:/Program Files/Git/mingw64/libexec/git-core;C:\Program Files\Git\mingw64\bin;C:\Program Files\Git\usr\bin;C:\Users\mdash\bin;C:\Program Files\PowerShell\7;C:\WINDOWS\system32;C:\WINDOWS;C:\WINDOWS\System32\Wbem;C:\WINDOWS\System32\WindowsPowerShell\v1.0\;C:\WINDOWS\System32\OpenSSH\;C:\Program Files (x86)\NVIDIA Corporation\PhysX\Common;C:\Program Files\dotnet\;C:\Program Files\NVIDIA Corporation\NVIDIA app\NvDLISR;C:\Program Files\PowerShell\7\;C:\Program Files\Git\cmd;C:\Users\mdash\AppData\Local\Programs\Python\Python313\Scripts\;C:\Users\mdash\AppData\Local\Programs\Python\Python313\;C:\Users\mdash\AppData\Local\Programs\Python\Launcher\;C:\Users\mdash\AppData\Local\Microsoft\WindowsApps;C:\Users\mdash\AppData\Local\Programs\Microsoft VS Code\bin;C:\Users\mdash\AppData\Local\GitHubDesktop\bin
PROCESSOR_LEVEL=6
NUMBER_OF_PROCESSORS=20
TMPDIR=C:\Users\mdash\AppData\Local\Temp
PSModulePath=C:\Users\mdash\OneDrive\Other\Documents\PowerShell\Modules;C:\Program Files\PowerShell\Modules;c:\program files\powershell\7\Modules;C:\Program Files\WindowsPowerShell\Modules;C:\WINDOWS\system32\WindowsPowerShell\v1.0\Modules
PUBLIC=C:\Users\Public
CommonProgramFiles=C:\Program Files (x86)\Common Files
USERPROFILE=C:\Users\mdash
PLINK_PROTOCOL=ssh
ProgramData=C:\ProgramData
ProgramW6432=C:\Program Files
ACSvcPort=17532
ProgramFiles=C:\Program Files (x86)
SystemRoot=C:\WINDOWS
RlsSvcPort=22112
LC_CTYPE=C.UTF-8
CommonProgramW6432=C:\Program Files\Common Files
LOGONSERVER=\\RIVERSIDE-DESKT
GIT_EXEC_PATH=C:/Program Files/Git/mingw64/libexec/git-core
USERDOMAIN_ROAMINGPROFILE=RIVERSIDE-DESKT
APPDATA=C:\Users\mdash\AppData\Roaming
HOMEDRIVE=C:
ACSetupSvcPort=23210
OneDriveCommercial=C:\Users\mdash\OneDrive - Claremont Graduate University
USERNAME=mdash
PROCESSOR_ARCHITEW6432=AMD64
PROCESSOR_ARCHITECTURE=x86
OS=Windows_NT
ComSpec=C:\WINDOWS\system32\cmd.exe
SystemDrive=C:
windir=C:\WINDOWS
OneDriveConsumer=C:\Users\mdash\OneDrive
ALLUSERSPROFILE=C:\ProgramData


------------
Diagnostic: File system
Skipped: False
Success: True
Exception: None
Log:
Temporary directory is 'C:\Users\mdash\AppData\Local\Temp\'...
Checking basic file I/O...
Writing to temporary file 'C:\Users\mdash\AppData\Local\Temp\51d14e86870a8539fbdff167'... OK
Reading from temporary file 'C:\Users\mdash\AppData\Local\Temp\51d14e86870a8539fbdff167'... OK
Deleting temporary file 'C:\Users\mdash\AppData\Local\Temp\51d14e86870a8539fbdff167'... OK
Testing IFileSystem instance...
UserHomePath: C:\Users\mdash
UserDataDirectoryPath: C:\Users\mdash\.gcm
GetCurrentDirectory(): C:\Users\mdash\OneDrive - Claremont Graduate University\IST 303\Assignments\ist-303-team-c

------------
Diagnostic: Networking
Skipped: False
Success: True
Exception: None
Log:
Checking networking and HTTP stack...
Creating HTTP client... OK
IsNetworkAvailable: True
Sending HEAD request to http://example.com...Sending HEAD request to https://example.com... OK
 OK
Acquiring free TCP port... OK
Testing local HTTP loopback connections...
Creating new HTTP listener for http://localhost:53803/... OK
Waiting for loopback connection... OK
Writing response... OK
Waiting for response data... OK
Loopback connection data OK

------------
Diagnostic: Git
Skipped: False
Success: True
Exception: None
Log:
Getting Git version... OK
Git version is '2.49.0.windows.1'
Locating current repository...Git repository at 'C:/Users/mdash/OneDrive - Claremont Graduate University/IST 303/Assignments/ist-303-team-c/.git'
 OK
Listing all Git configuration... OK
Git configuration:
file:C:/Program Files/Git/etc/gitconfig	diff.astextplain.textconv=astextplain
file:C:/Program Files/Git/etc/gitconfig	filter.lfs.clean=git-lfs clean -- %f
file:C:/Program Files/Git/etc/gitconfig	filter.lfs.smudge=git-lfs smudge -- %f
file:C:/Program Files/Git/etc/gitconfig	filter.lfs.process=git-lfs filter-process
file:C:/Program Files/Git/etc/gitconfig	filter.lfs.required=true
file:C:/Program Files/Git/etc/gitconfig	http.sslbackend=openssl
file:C:/Program Files/Git/etc/gitconfig	http.sslcainfo=C:/Program Files/Git/mingw64/etc/ssl/certs/ca-bundle.crt
file:C:/Program Files/Git/etc/gitconfig	core.autocrlf=true
file:C:/Program Files/Git/etc/gitconfig	core.fscache=true
file:C:/Program Files/Git/etc/gitconfig	core.symlinks=false
file:C:/Program Files/Git/etc/gitconfig	pull.rebase=false
file:C:/Program Files/Git/etc/gitconfig	init.defaultbranch=master
file:C:/Users/mdash/.gitconfig	core.editor="C:\Users\mdash\AppData\Local\Programs\Microsoft VS Code\bin\code" --wait
file:C:/Users/mdash/.gitconfig	user.name=mdashoff
file:C:/Users/mdash/.gitconfig	user.email=marcus.dashoff@cgu.edu
file:C:/Users/mdash/.gitconfig	filter.lfs.clean=git-lfs clean -- %f
file:C:/Users/mdash/.gitconfig	filter.lfs.smudge=git-lfs smudge -- %f
file:C:/Users/mdash/.gitconfig	filter.lfs.process=git-lfs filter-process
file:C:/Users/mdash/.gitconfig	filter.lfs.required=true
file:C:/Users/mdash/.gitconfig	init.defaultbranch=main
file:.git/config	core.repositoryformatversion=0
file:.git/config	core.filemode=false
file:.git/config	core.bare=false
file:.git/config	core.logallrefupdates=true
file:.git/config	core.ignorecase=true
file:.git/config	core.precomposeunicode=true
file:.git/config	remote.origin.url=https://github.com/marcusdashoff/ist-303-team-c.git
file:.git/config	remote.origin.fetch=+refs/heads/*:refs/remotes/origin/*
file:.git/config	pull.rebase=false
file:.git/config	branch.main.remote=origin
file:.git/config	branch.main.merge=refs/heads/main
file:.git/config	lfs.repositoryformatversion=0


------------
Diagnostic: Credential storage
Skipped: False
Success: True
Exception: None
Log:
ICredentialStore instance is of type: CredentialStore
Writing test credential... OK
Reading test credential... OK
Deleting test credential... OK

------------
Diagnostic: Microsoft authentication (AAD/MSA)
Skipped: False
Success: True
Exception: None
Log:
Broker is not enabled.
Flow type is: Auto
Gathering MSAL token cache data... OK
CacheDirectory: C:\Users\mdash\AppData\Local\.IdentityService
CacheFileName: msal.cache
CacheFilePath: C:\Users\mdash\AppData\Local\.IdentityService\msal.cache
Creating cache helper... OK
Verifying MSAL token cache persistence... OK

------------
Diagnostic: GitHub API
Skipped: False
Success: True
Exception: None
Log:
Using 'https://github.com/' as API target.
Querying '/meta' endpoint... OK

